[debug] [2023-06-06T20:35:25.964Z] ----------------------------------------------------------------------
[debug] [2023-06-06T20:35:25.967Z] Command:       C:\Program Files\nodejs\node.exe C:\Users\mmmmmm\AppData\Roaming\npm\node_modules\firebase-tools\lib\bin\firebase.js init
[debug] [2023-06-06T20:35:25.969Z] CLI Version:   11.27.0
[debug] [2023-06-06T20:35:25.969Z] Platform:      win32
[debug] [2023-06-06T20:35:25.969Z] Node Version:  v18.15.0
[debug] [2023-06-06T20:35:25.978Z] Time:          Tue Jun 06 2023 22:35:25 GMT+0200 (Eastern European Standard Time)
[debug] [2023-06-06T20:35:25.978Z] ----------------------------------------------------------------------
[debug] 
[debug] [2023-06-06T20:35:25.989Z] > command requires scopes: ["email","openid","https://www.googleapis.com/auth/cloudplatformprojects.readonly","https://www.googleapis.com/auth/firebase","https://www.googleapis.com/auth/cloud-platform"]
[debug] [2023-06-06T20:35:25.989Z] > authorizing via signed-in user (omeldone@gmail.com)
[info] 
     ######## #### ########  ######## ########     ###     ######  ########
     ##        ##  ##     ## ##       ##     ##  ##   ##  ##       ##
     ######    ##  ########  ######   ########  #########  ######  ######
     ##        ##  ##    ##  ##       ##     ## ##     ##       ## ##
     ##       #### ##     ## ######## ########  ##     ##  ######  ########

You're about to initialize a Firebase project in this directory:

  E:\learn_webpack

[info] 
=== Project Setup
[info] 
[info] First, let's associate this project directory with a Firebase project.
[info] You can create multiple project aliases by running firebase use --add, 
[info] but for now we'll just set up a default project.
[info] 
[debug] [2023-06-06T20:35:35.892Z] >>> [apiv2][query] GET https://firebase.googleapis.com/v1beta1/projects pageSize=100
[debug] [2023-06-06T20:35:51.335Z] Failed to make request to https://firebase.googleapis.com/v1beta1/projects?pageSize=100
[debug] [2023-06-06T20:35:56.353Z] Error: Timed out.
    at Timeout._onTimeout (C:\Users\mmmmmm\AppData\Roaming\npm\node_modules\firebase-tools\lib\utils.js:253:49)
    at listOnTimeout (node:internal/timers:569:17)
    at process.processTimers (node:internal/timers:512:7)
[error] 
[error] Error: An unexpected error has occurred.
